[0m[[0m[0mdebug[0m] [0m[0m> Exec(sbtStashOnFailure, None, None)[0m
[0m[[0m[0mdebug[0m] [0m[0m> Exec(sbtMapExec f2a5b5a4-d159-4bf7-a9c7-a94d77a5a534 __012a02c2-498d-4cf2-a100-08cf03dd3b98, None, None)[0m
[0m[[0m[0mdebug[0m] [0m[0m> Exec(compile, Some(__012a02c2-498d-4cf2-a100-08cf03dd3b98), Some(CommandSource(network-1)))[0m
[0m[[0m[0mdebug[0m] [0m[0mjsonRpcNotify: JsonRpcNotificationMessage(2.0, build/logMessage, {"type":4,"message":"Processing sbt/exec"})[0m
[0m[[0m[0mdebug[0m] [0m[0mEvaluating tasks: Compile / compile[0m
[0m[[0m[0mdebug[0m] [0m[0mRunning task... Cancel: Signal, check cycles: false, forcegc: true[0m
[0m[[0m[0mdebug[0m] [0m[0mjsonRpcNotify: JsonRpcNotificationMessage(2.0, build/taskStart, {"taskId":{"id":"1","parents":[]},"eventTime":1681969713716,"message":"Compiling hello-world","dataKind":"compile-task","data":{"target":{"uri":"file:/media/jono/ExtraDrive1/Projects/exercism-solutions/scala/hello-world/#hello-world/Compile"}}})[0m
[0m[[0m[0mdebug[0m] [0m[0mjsonRpcRequest: JsonRpcRequestMessage(2.0, 8bc05b2a-ccbc-4e68-9fe5-57d025dfcef7, sbt/terminalPropertiesQuery, ""})[0m
[0m[[0m[0minfo[0m] [0m[0mcompiling 1 Scala source to /media/jono/ExtraDrive1/Projects/exercism-solutions/scala/hello-world/target/scala-2.13/classes ...[0m
[0m[[0m[0mdebug[0m] [0m[0mjsonRpcNotify: JsonRpcNotificationMessage(2.0, build/logMessage, {"type":3,"message":"compiling 1 Scala source to /media/jono/ExtraDrive1/Projects/exercism-solutions/scala/hello-world/target/scala-2.13/classes ..."})[0m
[0m[[0m[0minfo[0m] [0m[0mNon-compiled module 'compiler-bridge_2.13' for Scala 2.13.6. Compiling...[0m
[0m[[0m[0mdebug[0m] [0m[0mjsonRpcNotify: JsonRpcNotificationMessage(2.0, build/logMessage, {"type":3,"message":"Non-compiled module 'compiler-bridge_2.13' for Scala 2.13.6. Compiling..."})[0m
[0m[[0m[0mdebug[0m] [0m[0mjsonRpcRequest: JsonRpcRequestMessage(2.0, aa8809b0-670c-4a12-8ac6-f673562a4cc5, sbt/terminalPropertiesQuery, ""})[0m
[0m[[0m[0minfo[0m] [0m[0m  Compilation completed in 8.332s.[0m
[0m[[0m[0mdebug[0m] [0m[0mjsonRpcNotify: JsonRpcNotificationMessage(2.0, build/logMessage, {"type":3,"message":"  Compilation completed in 8.332s."})[0m
[0m[[0m[0mdebug[0m] [0m[0mjsonRpcNotify: JsonRpcNotificationMessage(2.0, build/taskProgress, {"taskId":{"id":"1","parents":[]},"eventTime":1681969723219,"message":"Compiling hello-world (15%)","total":26,"progress":15,"dataKind":"compile-progress","data":{"target":{"uri":"file:/media/jono/ExtraDrive1/Projects/exercism-solutions/scala/hello-world/#hello-world/Compile"}}})[0m
[0m[[0m[0mdebug[0m] [0m[0mjsonRpcNotify: JsonRpcNotificationMessage(2.0, build/taskProgress, {"taskId":{"id":"1","parents":[]},"eventTime":1681969723223,"message":"Compiling hello-world (15%)","total":26,"progress":15,"dataKind":"compile-progress","data":{"target":{"uri":"file:/media/jono/ExtraDrive1/Projects/exercism-solutions/scala/hello-world/#hello-world/Compile"}}})[0m
[0m[[0m[0mdebug[0m] [0m[0mjsonRpcNotify: JsonRpcNotificationMessage(2.0, build/taskProgress, {"taskId":{"id":"1","parents":[]},"eventTime":1681969723306,"message":"Compiling hello-world (30%)","total":26,"progress":30,"dataKind":"compile-progress","data":{"target":{"uri":"file:/media/jono/ExtraDrive1/Projects/exercism-solutions/scala/hello-world/#hello-world/Compile"}}})[0m
[0m[[0m[0mdebug[0m] [0m[0mjsonRpcNotify: JsonRpcNotificationMessage(2.0, build/taskProgress, {"taskId":{"id":"1","parents":[]},"eventTime":1681969723311,"message":"Compiling hello-world (30%)","total":26,"progress":30,"dataKind":"compile-progress","data":{"target":{"uri":"file:/media/jono/ExtraDrive1/Projects/exercism-solutions/scala/hello-world/#hello-world/Compile"}}})[0m
[0m[[0m[0mdebug[0m] [0m[0mjsonRpcNotify: JsonRpcNotificationMessage(2.0, build/taskProgress, {"taskId":{"id":"1","parents":[]},"eventTime":1681969723360,"message":"Compiling hello-world (50%)","total":26,"progress":50,"dataKind":"compile-progress","data":{"target":{"uri":"file:/media/jono/ExtraDrive1/Projects/exercism-solutions/scala/hello-world/#hello-world/Compile"}}})[0m
[0m[[0m[0mdebug[0m] [0m[0mjsonRpcNotify: JsonRpcNotificationMessage(2.0, build/taskProgress, {"taskId":{"id":"1","parents":[]},"eventTime":1681969723361,"message":"Compiling hello-world (50%)","total":26,"progress":50,"dataKind":"compile-progress","data":{"target":{"uri":"file:/media/jono/ExtraDrive1/Projects/exercism-solutions/scala/hello-world/#hello-world/Compile"}}})[0m
[0m[[0m[0mdebug[0m] [0m[0mjsonRpcNotify: JsonRpcNotificationMessage(2.0, build/taskProgress, {"taskId":{"id":"1","parents":[]},"eventTime":1681969723512,"message":"Compiling hello-world (65%)","total":26,"progress":65,"dataKind":"compile-progress","data":{"target":{"uri":"file:/media/jono/ExtraDrive1/Projects/exercism-solutions/scala/hello-world/#hello-world/Compile"}}})[0m
[0m[[0m[0mdebug[0m] [0m[0mjsonRpcNotify: JsonRpcNotificationMessage(2.0, build/taskProgress, {"taskId":{"id":"1","parents":[]},"eventTime":1681969723513,"message":"Compiling hello-world (65%)","total":26,"progress":65,"dataKind":"compile-progress","data":{"target":{"uri":"file:/media/jono/ExtraDrive1/Projects/exercism-solutions/scala/hello-world/#hello-world/Compile"}}})[0m
[0m[[0m[0mdebug[0m] [0m[0mjsonRpcNotify: JsonRpcNotificationMessage(2.0, build/taskProgress, {"taskId":{"id":"1","parents":[]},"eventTime":1681969723515,"message":"Compiling hello-world (80%)","total":26,"progress":80,"dataKind":"compile-progress","data":{"target":{"uri":"file:/media/jono/ExtraDrive1/Projects/exercism-solutions/scala/hello-world/#hello-world/Compile"}}})[0m
[0m[[0m[0mdebug[0m] [0m[0mjsonRpcNotify: JsonRpcNotificationMessage(2.0, build/taskProgress, {"taskId":{"id":"1","parents":[]},"eventTime":1681969723515,"message":"Compiling hello-world (80%)","total":26,"progress":80,"dataKind":"compile-progress","data":{"target":{"uri":"file:/media/jono/ExtraDrive1/Projects/exercism-solutions/scala/hello-world/#hello-world/Compile"}}})[0m
[0m[[0m[0mdebug[0m] [0m[0mjsonRpcNotify: JsonRpcNotificationMessage(2.0, build/taskProgress, {"taskId":{"id":"1","parents":[]},"eventTime":1681969723528,"message":"Compiling hello-world (100%)","total":26,"progress":100,"dataKind":"compile-progress","data":{"target":{"uri":"file:/media/jono/ExtraDrive1/Projects/exercism-solutions/scala/hello-world/#hello-world/Compile"}}})[0m
[0m[[0m[0mdebug[0m] [0m[0mjsonRpcNotify: JsonRpcNotificationMessage(2.0, build/taskProgress, {"taskId":{"id":"1","parents":[]},"eventTime":1681969723529,"message":"Compiling hello-world (100%)","total":26,"progress":100,"dataKind":"compile-progress","data":{"target":{"uri":"file:/media/jono/ExtraDrive1/Projects/exercism-solutions/scala/hello-world/#hello-world/Compile"}}})[0m
[0m[[0m[0minfo[0m] [0m[0mdone compiling[0m
[0m[[0m[0mdebug[0m] [0m[0mjsonRpcNotify: JsonRpcNotificationMessage(2.0, build/logMessage, {"type":3,"message":"done compiling"})[0m
[0m[[0m[0mdebug[0m] [0m[0mjsonRpcNotify: JsonRpcNotificationMessage(2.0, build/publishDiagnostics, {"textDocument":{"uri":"file:///media/jono/ExtraDrive1/Projects/exercism-solutions/scala/hello-world/src/main/scala/HelloWorld.scala"},"buildTarget":{"uri":"file:/media/jono/ExtraDrive1/Projects/exercism-solutions/scala/hello-world/#hello-world/Compile"},"diagnostics":[],"reset":true})[0m
[0m[[0m[0mdebug[0m] [0m[0mjsonRpcNotify: JsonRpcNotificationMessage(2.0, build/taskFinish, {"taskId":{"id":"1","parents":[]},"eventTime":1681969723554,"message":"Compiled hello-world","status":1,"dataKind":"compile-report","data":{"target":{"uri":"file:/media/jono/ExtraDrive1/Projects/exercism-solutions/scala/hello-world/#hello-world/Compile"},"errors":0,"warnings":0,"time":9838}})[0m
[0m[[0m[0mdebug[0m] [0m[0m> Exec(sbtCompleteExec f2a5b5a4-d159-4bf7-a9c7-a94d77a5a534, None, None)[0m
[0m[[0m[0mdebug[0m] [0m[0m> Exec(resumeFromFailure, None, None)[0m
[0m[[0m[0mdebug[0m] [0m[0m> Exec(sbtPopOnFailure, None, None)[0m
[0m[[0m[0mdebug[0m] [0m[0m> Exec(sbtReportResult f2a5b5a4-d159-4bf7-a9c7-a94d77a5a534, Some(f2a5b5a4-d159-4bf7-a9c7-a94d77a5a534), Some(CommandSource(network-1)))[0m
[0m[[0m[0mdebug[0m] [0m[0mjsonRpcNotify: JsonRpcNotificationMessage(2.0, build/logMessage, {"type":4,"message":"Processing sbt/exec"})[0m
[0m[[0m[0mdebug[0m] [0m[0m> Exec(shell, None, None)[0m
[0m[[0m[0mdebug[0m] [0m[0mjsonRpcNotify: JsonRpcNotificationMessage(2.0, shutdown, [false,null])[0m
